<?xml version="1.0" encoding="UTF-8"?>
<testsuite xmlns:xsi="http://www.w3.org/2001/XMLSchema-instance" xsi:noNamespaceSchemaLocation="https://maven.apache.org/surefire/maven-surefire-plugin/xsd/surefire-test-report-3.0.xsd" version="3.0" name="com.feedzai.netsim.test.NetworkPathTest" time="0.009" tests="5" errors="0" skipped="0" failures="0">
  <properties>
[...]
</properties>
  <testcase name="testNetworkPathFastestRoute" classname="com.feedzai.netsim.test.NetworkPathTest" time="0.001">
    <system-err><![CDATA[Aug 04, 2024 12:25:12 AM com.feedzai.netsim.test.NetworkPathTest setUp
INFO: Prepare setup for my test {}.
]]></system-err>
  </testcase>
  <testcase name="testNetworkPathTwoRoutesPossibleInCircle" classname="com.feedzai.netsim.test.NetworkPathTest" time="0.002">
    <system-err><![CDATA[Aug 04, 2024 12:25:12 AM com.feedzai.netsim.test.NetworkPathTest setUp
INFO: Prepare setup for my test {}.
]]></system-err>
  </testcase>
  <testcase name="testSendPacketSameNodesOppositeDirection" classname="com.feedzai.netsim.test.NetworkPathTest" time="0.002">
    <system-err><![CDATA[Aug 04, 2024 12:25:12 AM com.feedzai.netsim.test.NetworkPathTest setUp
INFO: Prepare setup for my test {}.
]]></system-err>
  </testcase>
  <testcase name="testNetworkPathShortestPath" classname="com.feedzai.netsim.test.NetworkPathTest" time="0.001">
    <system-err><![CDATA[Aug 04, 2024 12:25:12 AM com.feedzai.netsim.test.NetworkPathTest setUp
INFO: Prepare setup for my test {}.
]]></system-err>
  </testcase>
  <testcase name="testSendPacketSameNodesWithDiffLatencies" classname="com.feedzai.netsim.test.NetworkPathTest" time="0.001">
    <system-err><![CDATA[Aug 04, 2024 12:25:12 AM com.feedzai.netsim.test.NetworkPathTest setUp
INFO: Prepare setup for my test {}.
]]></system-err>
  </testcase>
</testsuite>