<?xml version="1.0" encoding="UTF-8"?>
<testsuite xmlns:xsi="http://www.w3.org/2001/XMLSchema-instance" xsi:noNamespaceSchemaLocation="https://maven.apache.org/surefire/maven-surefire-plugin/xsd/surefire-test-report-3.0.xsd" version="3.0" name="com.feedzai.netsim.test.NetworkConnectionTest" time="0.237" tests="10" errors="0" skipped="0" failures="0">
  <properties>
[...]
</properties>
  <testcase name="testNetworkConnectionPathAI" classname="com.feedzai.netsim.test.NetworkConnectionTest" time="0.075">
    <system-out><![CDATA[Network representation (as an adjacency list)
[[A,D,1],[B,D,1],[C,E,1],[D,A,1],[D,B,1],[D,E,3],[D,F,2],[E,C,1],[E,D,3],[E,F,4],[E,G,5],[F,D,2],[F,E,4],[F,G,3],[F,H,5],[F,J,1],[G,E,5],[G,F,3],[G,I,1],[H,F,5],[H,K,10],[I,G,1],[J,F,1],[K,H,10]]
Sending a packet from 'A' to 'I':
[A,D,F,G,I]
Time it took (msec):
7
]]></system-out>
  </testcase>
  <testcase name="testNetworkConnectionPathAJ" classname="com.feedzai.netsim.test.NetworkConnectionTest" time="0.003">
    <system-out><![CDATA[Network representation (as an adjacency list)
[[A,D,1],[B,D,1],[C,E,1],[D,A,1],[D,B,1],[D,E,3],[D,F,2],[E,C,1],[E,D,3],[E,F,4],[E,G,5],[F,D,2],[F,E,4],[F,G,3],[F,H,5],[F,J,1],[G,E,5],[G,F,3],[G,I,1],[H,F,5],[H,K,10],[I,G,1],[J,F,1],[K,H,10]]
Sending a packet from 'A' to 'J':
[A,D,F,J]
Time it took (msec):
4
]]></system-out>
  </testcase>
  <testcase name="testNetworkConnectionPathAK" classname="com.feedzai.netsim.test.NetworkConnectionTest" time="0.003">
    <system-out><![CDATA[Network representation (as an adjacency list)
[[A,D,1],[B,D,1],[C,E,1],[D,A,1],[D,B,1],[D,E,3],[D,F,2],[E,C,1],[E,D,3],[E,F,4],[E,G,5],[F,D,2],[F,E,4],[F,G,3],[F,H,5],[F,J,1],[G,E,5],[G,F,3],[G,I,1],[H,F,5],[H,K,10],[I,G,1],[J,F,1],[K,H,10]]
Sending a packet from 'A' to 'K':
[A,D,F,H,K]
Time it took (msec):
18
]]></system-out>
  </testcase>
  <testcase name="testNetworkConnectionPathBI" classname="com.feedzai.netsim.test.NetworkConnectionTest" time="0.003">
    <system-out><![CDATA[Network representation (as an adjacency list)
[[A,D,1],[B,D,1],[C,E,1],[D,A,1],[D,B,1],[D,E,3],[D,F,2],[E,C,1],[E,D,3],[E,F,4],[E,G,5],[F,D,2],[F,E,4],[F,G,3],[F,H,5],[F,J,1],[G,E,5],[G,F,3],[G,I,1],[H,F,5],[H,K,10],[I,G,1],[J,F,1],[K,H,10]]
Sending a packet from 'B' to 'I':
[B,D,F,G,I]
Time it took (msec):
7
]]></system-out>
  </testcase>
  <testcase name="testNetworkConnectionPathBJ" classname="com.feedzai.netsim.test.NetworkConnectionTest" time="0.002">
    <system-out><![CDATA[Network representation (as an adjacency list)
[[A,D,1],[B,D,1],[C,E,1],[D,A,1],[D,B,1],[D,E,3],[D,F,2],[E,C,1],[E,D,3],[E,F,4],[E,G,5],[F,D,2],[F,E,4],[F,G,3],[F,H,5],[F,J,1],[G,E,5],[G,F,3],[G,I,1],[H,F,5],[H,K,10],[I,G,1],[J,F,1],[K,H,10]]
Sending a packet from 'B' to 'J':
[B,D,F,J]
Time it took (msec):
4
]]></system-out>
  </testcase>
  <testcase name="testNetworkConnectionPathBK" classname="com.feedzai.netsim.test.NetworkConnectionTest" time="0.004">
    <system-out><![CDATA[Network representation (as an adjacency list)
[[A,D,1],[B,D,1],[C,E,1],[D,A,1],[D,B,1],[D,E,3],[D,F,2],[E,C,1],[E,D,3],[E,F,4],[E,G,5],[F,D,2],[F,E,4],[F,G,3],[F,H,5],[F,J,1],[G,E,5],[G,F,3],[G,I,1],[H,F,5],[H,K,10],[I,G,1],[J,F,1],[K,H,10]]
Sending a packet from 'B' to 'K':
[B,D,F,H,K]
Time it took (msec):
18
]]></system-out>
  </testcase>
  <testcase name="testNetworkConnectionPathCI" classname="com.feedzai.netsim.test.NetworkConnectionTest" time="0.002">
    <system-out><![CDATA[Network representation (as an adjacency list)
[[A,D,1],[B,D,1],[C,E,1],[D,A,1],[D,B,1],[D,E,3],[D,F,2],[E,C,1],[E,D,3],[E,F,4],[E,G,5],[F,D,2],[F,E,4],[F,G,3],[F,H,5],[F,J,1],[G,E,5],[G,F,3],[G,I,1],[H,F,5],[H,K,10],[I,G,1],[J,F,1],[K,H,10]]
Sending a packet from 'C' to 'I':
[C,E,G,I]
Time it took (msec):
7
]]></system-out>
  </testcase>
  <testcase name="testNetworkConnectionPathCJ" classname="com.feedzai.netsim.test.NetworkConnectionTest" time="0.002">
    <system-out><![CDATA[Network representation (as an adjacency list)
[[A,D,1],[B,D,1],[C,E,1],[D,A,1],[D,B,1],[D,E,3],[D,F,2],[E,C,1],[E,D,3],[E,F,4],[E,G,5],[F,D,2],[F,E,4],[F,G,3],[F,H,5],[F,J,1],[G,E,5],[G,F,3],[G,I,1],[H,F,5],[H,K,10],[I,G,1],[J,F,1],[K,H,10]]
Sending a packet from 'C' to 'J':
[C,E,F,J]
Time it took (msec):
6
]]></system-out>
  </testcase>
  <testcase name="testNetworkConnectionPathCK" classname="com.feedzai.netsim.test.NetworkConnectionTest" time="0.002">
    <system-out><![CDATA[Network representation (as an adjacency list)
[[A,D,1],[B,D,1],[C,E,1],[D,A,1],[D,B,1],[D,E,3],[D,F,2],[E,C,1],[E,D,3],[E,F,4],[E,G,5],[F,D,2],[F,E,4],[F,G,3],[F,H,5],[F,J,1],[G,E,5],[G,F,3],[G,I,1],[H,F,5],[H,K,10],[I,G,1],[J,F,1],[K,H,10]]
Sending a packet from 'C' to 'K':
[C,E,F,H,K]
Time it took (msec):
20
]]></system-out>
  </testcase>
  <testcase name="testNetworkConnectionPathWrong" classname="com.feedzai.netsim.test.NetworkConnectionTest" time="0.002">
    <system-out><![CDATA[Network representation (as an adjacency list)
[[A,D,1],[B,D,1],[C,E,1],[D,A,1],[D,B,1],[D,E,3],[D,F,2],[E,C,1],[E,D,3],[E,F,4],[E,G,5],[F,D,2],[F,E,4],[F,G,3],[F,H,5],[F,J,1],[G,E,5],[G,F,3],[G,I,1],[H,F,5],[H,K,10],[I,G,1],[J,F,1],[K,H,10]]
You did not choose correct option! Try again...
Examples: "CJ", "CI", "CK", "BJ", "BI", "BK", "AJ", "AI" or "AK"
]]></system-out>
  </testcase>
</testsuite>